<!DOCTYPE html PUBLIC "-//W3C//DTD XHTML 1.1//EN" "https://www.w3.org/TR/xhtml11/DTD/xhtml11.dtd">
<html xmlns="https://www.w3.org/1999/xhtml">
<head>
<meta http-equiv="content-type" content="text/html; charset=UTF-8"/>
<title>TestNG Report</title>
<style type="text/css">table {margin-bottom:10px;border-collapse:collapse;empty-cells:show}th,td {border:1px solid #009;padding:.25em .5em}th {vertical-align:bottom}td {vertical-align:top}table a {font-weight:bold}.stripe td {background-color: #E6EBF9}.num {text-align:right}.passedodd td {background-color: #3F3}.passedeven td {background-color: #0A0}.skippedodd td {background-color: #DDD}.skippedeven td {background-color: #CCC}.failedodd td,.attn {background-color: #F33}.failedeven td,.stripe .attn {background-color: #D00}.stacktrace {white-space:pre;font-family:monospace}.totop {font-size:85%;text-align:center;border-bottom:2px solid #000}.invisible {display:none}</style>
</head>
<body>
<table>
<tr><th>Test</th><th># Passed</th><th># Skipped</th><th># Retried</th><th># Failed</th><th>Time (ms)</th><th>Included Groups</th><th>Excluded Groups</th></tr>
<tr><th colspan="8">CrossBrowser Test Suite</th></tr>
<tr><td><a href="#t0">Chrome Tests</a></td><td class="num">3</td><td class="num">0</td><td class="num">0</td><td class="num attn">2</td><td class="num">44,453</td><td></td><td></td></tr>
<tr class="stripe"><td><a href="#t1">Edge Tests</a></td><td class="num">3</td><td class="num">0</td><td class="num">0</td><td class="num attn">2</td><td class="num">43,716</td><td></td><td></td></tr>
<tr><th>Total</th><th class="num">6</th><th class="num">0</th><th class="num">0</th><th class="num attn">4</th><th class="num">88,169</th><th colspan="2"></th></tr>
</table>
<table id='summary'><thead><tr><th>Class</th><th>Method</th><th>Start</th><th>Time (ms)</th></tr></thead><tbody><tr><th colspan="4">CrossBrowser Test Suite</th></tr></tbody><tbody id="t0"><tr><th colspan="4">Chrome Tests &#8212; failed</th></tr><tr class="failedeven"><td rowspan="2">finalproject.homepage</td><td><a href="#m0">verifyeachHealthProgramPageContent</a></td><td rowspan="1">1737579085535</td><td rowspan="1">3304</td></tr><tr class="failedeven"><td><a href="#m1">verifyhealthProgramDropdown</a></td><td rowspan="1">1737579090995</td><td rowspan="1">3364</td></tr><tr><th colspan="4">Chrome Tests &#8212; passed</th></tr><tr class="passedeven"><td rowspan="3">finalproject.homepage</td><td><a href="#m2">VerifysearchBarFunctionality</a></td><td rowspan="1">1737579052853</td><td rowspan="1">5697</td></tr><tr class="passedeven"><td><a href="#m3">verifyHealthProgramResourcelinks</a></td><td rowspan="1">1737579060746</td><td rowspan="1">16239</td></tr><tr class="passedeven"><td><a href="#m4">verifyNavigationBar</a></td><td rowspan="1">1737579078919</td><td rowspan="1">4819</td></tr></tbody>
<tbody id="t1"><tr><th colspan="4">Edge Tests &#8212; failed</th></tr><tr class="failedeven"><td rowspan="2">finalproject.homepage</td><td><a href="#m5">verifyeachHealthProgramPageContent</a></td><td rowspan="1">1737579126855</td><td rowspan="1">3537</td></tr><tr class="failedeven"><td><a href="#m6">verifyhealthProgramDropdown</a></td><td rowspan="1">1737579133773</td><td rowspan="1">3263</td></tr><tr><th colspan="4">Edge Tests &#8212; passed</th></tr><tr class="passedeven"><td rowspan="3">finalproject.homepage</td><td><a href="#m7">VerifysearchBarFunctionality</a></td><td rowspan="1">1737579096282</td><td rowspan="1">5058</td></tr><tr class="passedeven"><td><a href="#m8">verifyHealthProgramResourcelinks</a></td><td rowspan="1">1737579104747</td><td rowspan="1">12879</td></tr><tr class="passedeven"><td><a href="#m9">verifyNavigationBar</a></td><td rowspan="1">1737579120856</td><td rowspan="1">3114</td></tr></tbody>
</table>
<h2>Chrome Tests</h2><h3 id="m0">finalproject.homepage#verifyeachHealthProgramPageContent</h3><table class="result"><tr><th>Exception</th></tr><tr><td><div class="stacktrace">org.openqa.selenium.ElementNotInteractableException: element not interactable
  (Session info: chrome=132.0.6834.83)
Build info: version: &apos;4.27.0&apos;, revision: &apos;d6e718d134&apos;
System info: os.name: &apos;Windows 11&apos;, os.arch: &apos;amd64&apos;, os.version: &apos;10.0&apos;, java.version: &apos;23.0.1&apos;
Driver info: org.openqa.selenium.chrome.ChromeDriver
Command: [81c1fd4607b9320ce19e4a22ca996e54, clickElement {id=f.B3A387F5E711770D1385D1018740080C.d.9E622C046ED37AE840A7144D5351C5BC.e.45}]
Capabilities {acceptInsecureCerts: false, browserName: chrome, browserVersion: 132.0.6834.83, chrome: {chromedriverVersion: 132.0.6834.110 (df453a35f09..., userDataDir: C:\Users\KALLURI SHOBAN BAB...}, fedcm:accounts: true, goog:chromeOptions: {debuggerAddress: localhost:54800}, networkConnectionEnabled: false, pageLoadStrategy: normal, platformName: windows, proxy: Proxy(), se:cdp: ws://localhost:54800/devtoo..., se:cdpVersion: 132.0.6834.83, setWindowRect: true, strictFileInteractability: false, timeouts: {implicit: 0, pageLoad: 300000, script: 30000}, unhandledPromptBehavior: dismiss and notify, webauthn:extension:credBlob: true, webauthn:extension:largeBlob: true, webauthn:extension:minPinLength: true, webauthn:extension:prf: true, webauthn:virtualAuthenticators: true}
Element: [[ChromeDriver: chrome on windows (81c1fd4607b9320ce19e4a22ca996e54)] -&gt; xpath: //*[@id=&quot;menu-item-344&quot;]/a/span]
Session ID: 81c1fd4607b9320ce19e4a22ca996e54
	at org.openqa.selenium.remote.ErrorCodec.decode(ErrorCodec.java:167)
	at org.openqa.selenium.remote.codec.w3c.W3CHttpResponseCodec.decode(W3CHttpResponseCodec.java:138)
	at org.openqa.selenium.remote.codec.w3c.W3CHttpResponseCodec.decode(W3CHttpResponseCodec.java:50)
	at org.openqa.selenium.remote.HttpCommandExecutor.execute(HttpCommandExecutor.java:190)
	at org.openqa.selenium.remote.service.DriverCommandExecutor.invokeExecute(DriverCommandExecutor.java:216)
	at org.openqa.selenium.remote.service.DriverCommandExecutor.execute(DriverCommandExecutor.java:174)
	at org.openqa.selenium.remote.RemoteWebDriver.execute(RemoteWebDriver.java:545)
	at org.openqa.selenium.remote.RemoteWebElement.execute(RemoteWebElement.java:223)
	at org.openqa.selenium.remote.RemoteWebElement.click(RemoteWebElement.java:76)
	at finalproject.homepage.verifyeachHealthProgramPageContent(homepage.java:118)
	at java.base/java.util.ArrayList.forEach(ArrayList.java:1597)
... Removed 28 stack frames</div></td></tr></table><p class="totop"><a href="#summary">back to summary</a></p>
<h3 id="m1">finalproject.homepage#verifyhealthProgramDropdown</h3><table class="result"><tr><th>Exception</th></tr><tr><td><div class="stacktrace">java.lang.AssertionError: Dropdown values do not match!: Lists differ at element [0]: Tobacco !=  expected [Tobacco] but found []
	at finalproject.homepage.verifyhealthProgramDropdown(homepage.java:64)
	at java.base/java.util.ArrayList.forEach(ArrayList.java:1597)
... Removed 29 stack frames</div></td></tr></table><p class="totop"><a href="#summary">back to summary</a></p>
<h3 id="m2">finalproject.homepage#VerifysearchBarFunctionality</h3><table class="result"><tr><th class="invisible"/></tr></table><p class="totop"><a href="#summary">back to summary</a></p>
<h3 id="m3">finalproject.homepage#verifyHealthProgramResourcelinks</h3><table class="result"><tr><th class="invisible"/></tr></table><p class="totop"><a href="#summary">back to summary</a></p>
<h3 id="m4">finalproject.homepage#verifyNavigationBar</h3><table class="result"><tr><th class="invisible"/></tr></table><p class="totop"><a href="#summary">back to summary</a></p>
<h2>Edge Tests</h2><h3 id="m5">finalproject.homepage#verifyeachHealthProgramPageContent</h3><table class="result"><tr><th>Exception</th></tr><tr><td><div class="stacktrace">org.openqa.selenium.NoSuchWindowException: no such window: target window already closed
from unknown error: web view not found
  (Session info: MicrosoftEdge=132.0.2957.115)
Build info: version: &apos;4.27.0&apos;, revision: &apos;d6e718d134&apos;
System info: os.name: &apos;Windows 11&apos;, os.arch: &apos;amd64&apos;, os.version: &apos;10.0&apos;, java.version: &apos;23.0.1&apos;
Driver info: org.openqa.selenium.edge.EdgeDriver
Command: [77b08d930548e6e2ea451679d5d83fb8, findElement {using=xpath, value=//h2[text()=&apos;SYSTEMS CHANGE&apos;]}]
Capabilities {acceptInsecureCerts: false, browserName: MicrosoftEdge, browserVersion: 132.0.2957.115, fedcm:accounts: true, ms:edgeOptions: {debuggerAddress: localhost:55030}, msedge: {msedgedriverVersion: 132.0.2957.115 (f14150e8a7c..., userDataDir: C:\Users\KALLURI SHOBAN BAB...}, networkConnectionEnabled: false, pageLoadStrategy: normal, platformName: windows, proxy: Proxy(), se:cdp: ws://localhost:55030/devtoo..., se:cdpVersion: 132.0.2957.115, setWindowRect: true, strictFileInteractability: false, timeouts: {implicit: 0, pageLoad: 300000, script: 30000}, unhandledPromptBehavior: dismiss and notify, webauthn:extension:credBlob: true, webauthn:extension:largeBlob: true, webauthn:extension:minPinLength: true, webauthn:extension:prf: true, webauthn:virtualAuthenticators: true}
Session ID: 77b08d930548e6e2ea451679d5d83fb8
	at org.openqa.selenium.remote.ErrorCodec.decode(ErrorCodec.java:167)
	at org.openqa.selenium.remote.codec.w3c.W3CHttpResponseCodec.decode(W3CHttpResponseCodec.java:138)
	at org.openqa.selenium.remote.codec.w3c.W3CHttpResponseCodec.decode(W3CHttpResponseCodec.java:50)
	at org.openqa.selenium.remote.HttpCommandExecutor.execute(HttpCommandExecutor.java:190)
	at org.openqa.selenium.remote.service.DriverCommandExecutor.invokeExecute(DriverCommandExecutor.java:216)
	at org.openqa.selenium.remote.service.DriverCommandExecutor.execute(DriverCommandExecutor.java:174)
	at org.openqa.selenium.remote.RemoteWebDriver.execute(RemoteWebDriver.java:545)
	at org.openqa.selenium.remote.ElementLocation$ElementFinder$2.findElement(ElementLocation.java:165)
	at org.openqa.selenium.remote.ElementLocation.findElement(ElementLocation.java:59)
	at org.openqa.selenium.remote.RemoteWebDriver.findElement(RemoteWebDriver.java:368)
	at org.openqa.selenium.remote.RemoteWebDriver.findElement(RemoteWebDriver.java:362)
	at finalproject.homepage.verifyeachHealthProgramPageContent(homepage.java:119)
	at java.base/java.util.ArrayList.forEach(ArrayList.java:1597)
... Removed 28 stack frames</div></td></tr></table><p class="totop"><a href="#summary">back to summary</a></p>
<h3 id="m6">finalproject.homepage#verifyhealthProgramDropdown</h3><table class="result"><tr><th>Exception</th></tr><tr><td><div class="stacktrace">java.lang.AssertionError: Dropdown values do not match!: Lists differ at element [0]: Tobacco !=  expected [Tobacco] but found []
	at finalproject.homepage.verifyhealthProgramDropdown(homepage.java:64)
	at java.base/java.util.ArrayList.forEach(ArrayList.java:1597)
... Removed 29 stack frames</div></td></tr></table><p class="totop"><a href="#summary">back to summary</a></p>
<h3 id="m7">finalproject.homepage#VerifysearchBarFunctionality</h3><table class="result"><tr><th class="invisible"/></tr></table><p class="totop"><a href="#summary">back to summary</a></p>
<h3 id="m8">finalproject.homepage#verifyHealthProgramResourcelinks</h3><table class="result"><tr><th class="invisible"/></tr></table><p class="totop"><a href="#summary">back to summary</a></p>
<h3 id="m9">finalproject.homepage#verifyNavigationBar</h3><table class="result"><tr><th class="invisible"/></tr></table><p class="totop"><a href="#summary">back to summary</a></p>
</body>
</html>
